{"/Users/zhenglongfan/code/github/fantistic-utils/src/base/native-types.js": {"path":"/Users/zhenglongfan/code/github/fantistic-utils/src/base/native-types.js","statementMap":{"0":{"start":{"line":8,"column":18},"end":{"line":8,"column":54}},"1":{"start":{"line":9,"column":21},"end":{"line":9,"column":57}},"2":{"start":{"line":10,"column":2},"end":{"line":10,"column":19}}},"fnMap":{"0":{"name":"getTypes","decl":{"start":{"line":7,"column":16},"end":{"line":7,"column":24}},"loc":{"start":{"line":7,"column":45},"end":{"line":11,"column":1}},"line":7}},"branchMap":{},"s":{"0":6,"1":6,"2":6},"f":{"0":6},"b":{},"_coverageSchema":"332fd63041d2c1bcb487cc26dd0d5f7d97098a6c","hash":"5141a53b5365fa834c61f3339af396f5f499ac9b"}
,"/Users/zhenglongfan/code/github/fantistic-utils/src/window/client-info.js": {"path":"/Users/zhenglongfan/code/github/fantistic-utils/src/window/client-info.js","statementMap":{"0":{"start":{"line":6,"column":35},"end":{"line":17,"column":1}},"1":{"start":{"line":23,"column":2},"end":{"line":25,"column":3}},"2":{"start":{"line":24,"column":4},"end":{"line":24,"column":15}},"3":{"start":{"line":26,"column":24},"end":{"line":26,"column":40}},"4":{"start":{"line":27,"column":40},"end":{"line":27,"column":76}},"5":{"start":{"line":29,"column":4},"end":{"line":29,"column":80}},"6":{"start":{"line":30,"column":21},"end":{"line":30,"column":41}},"7":{"start":{"line":31,"column":22},"end":{"line":31,"column":42}},"8":{"start":{"line":32,"column":20},"end":{"line":32,"column":55}},"9":{"start":{"line":33,"column":38},"end":{"line":35,"column":3}},"10":{"start":{"line":34,"column":27},"end":{"line":34,"column":67}},"11":{"start":{"line":36,"column":2},"end":{"line":44,"column":3}},"12":{"start":{"line":37,"column":4},"end":{"line":43,"column":5}},"13":{"start":{"line":45,"column":2},"end":{"line":45,"column":13}}},"fnMap":{"0":{"name":"clientInfo","decl":{"start":{"line":22,"column":16},"end":{"line":22,"column":26}},"loc":{"start":{"line":22,"column":49},"end":{"line":46,"column":1}},"line":22},"1":{"name":"(anonymous_1)","decl":{"start":{"line":34,"column":4},"end":{"line":34,"column":5}},"loc":{"start":{"line":34,"column":27},"end":{"line":34,"column":67}},"line":34}},"branchMap":{"0":{"loc":{"start":{"line":23,"column":2},"end":{"line":25,"column":3}},"type":"if","locations":[{"start":{"line":23,"column":2},"end":{"line":25,"column":3}},{"start":{"line":23,"column":2},"end":{"line":25,"column":3}}],"line":23},"1":{"loc":{"start":{"line":29,"column":4},"end":{"line":29,"column":80}},"type":"binary-expr","locations":[{"start":{"line":29,"column":5},"end":{"line":29,"column":19}},{"start":{"line":29,"column":23},"end":{"line":29,"column":73}},{"start":{"line":29,"column":78},"end":{"line":29,"column":80}}],"line":29},"2":{"loc":{"start":{"line":30,"column":21},"end":{"line":30,"column":41}},"type":"binary-expr","locations":[{"start":{"line":30,"column":21},"end":{"line":30,"column":35}},{"start":{"line":30,"column":39},"end":{"line":30,"column":41}}],"line":30},"3":{"loc":{"start":{"line":31,"column":22},"end":{"line":31,"column":42}},"type":"binary-expr","locations":[{"start":{"line":31,"column":22},"end":{"line":31,"column":36}},{"start":{"line":31,"column":40},"end":{"line":31,"column":42}}],"line":31},"4":{"loc":{"start":{"line":36,"column":2},"end":{"line":44,"column":3}},"type":"if","locations":[{"start":{"line":36,"column":2},"end":{"line":44,"column":3}},{"start":{"line":36,"column":2},"end":{"line":44,"column":3}}],"line":36}},"s":{"0":1,"1":0,"2":0,"3":0,"4":0,"5":0,"6":0,"7":0,"8":0,"9":0,"10":0,"11":0,"12":0,"13":0},"f":{"0":0,"1":0},"b":{"0":[0,0],"1":[0,0,0],"2":[0,0],"3":[0,0],"4":[0,0]},"_coverageSchema":"332fd63041d2c1bcb487cc26dd0d5f7d97098a6c","hash":"769860e62fdf8c914cd941b52ef5fdbf03d07c2e"}
}
